<?xml version="1.0" encoding="UTF-8"?>
<!-- Generated by org.testng.reporters.JUnitReportReporter -->
<testsuite hostname="192-168-1-108.tpgi.com.au" failures="0" tests="1" name="com.SampleProject.scrp.FlightTest" time="2.560" errors="0" timestamp="2023-03-19T11:53:39 AEDT" skipped="0">
  <testcase classname="com.SampleProject.scrp.FlightTest" name="verifyRoundTripStatus" time="2.560"/>
  <system-out/>
</testsuite> <!-- com.SampleProject.scrp.FlightTest -->
