<?xml version="1.0" encoding="UTF-8"?>
<!-- Generated by org.testng.reporters.JUnitReportReporter -->
<testsuite hostname="192-168-1-108.tpgi.com.au" failures="0" tests="2" name="com.SampleProject.scrp.RegisterTest" time="2.298" errors="0" timestamp="2023-03-24T12:06:29 AEDT" skipped="0">
  <testcase classname="com.SampleProject.scrp.RegisterTest" name="setFirstAndLastname" time="2.063"/>
  <system-out/>
  <testcase classname="com.SampleProject.scrp.RegisterTest" name="testBase" time="0.235"/>
  <system-out/>
</testsuite> <!-- com.SampleProject.scrp.RegisterTest -->
