<?xml version="1.0" encoding="UTF-8"?>
<!-- Generated by org.testng.reporters.JUnitReportReporter -->
<testsuite hostname="192-168-1-108.tpgi.com.au" failures="0" tests="7" name="com.SampleProject.scrp.FlightTest" time="5.921" errors="0" timestamp="2023-03-17T23:03:06 AEDT" skipped="0">
  <testcase classname="com.SampleProject.scrp.FlightTest" name="testBase" time="0.139"/>
  <system-out/>
  <testcase classname="com.SampleProject.scrp.FlightTest" name="verifyRoundTripStatus" time="3.586"/>
  <system-out/>
  <testcase classname="com.SampleProject.scrp.FlightTest" name="verifyOnewayButtonEnabled" time="0.394"/>
  <system-out/>
  <testcase classname="com.SampleProject.scrp.FlightTest" name="verifyPassengerCount" time="0.353"/>
  <system-out/>
  <testcase classname="com.SampleProject.scrp.FlightTest" name="verifyDeparturePlace" time="0.443"/>
  <system-out/>
  <testcase classname="com.SampleProject.scrp.FlightTest" name="verifyDepartureMonth" time="0.373"/>
  <system-out/>
  <testcase classname="com.SampleProject.scrp.FlightTest" name="verifyBussinessClassButtonEnabled" time="0.633"/>
  <system-out/>
</testsuite> <!-- com.SampleProject.scrp.FlightTest -->
