<?xml version="1.0" encoding="UTF-8"?>
<!-- Generated by org.testng.reporters.JUnitReportReporter -->
<testsuite hostname="192-168-1-108.tpgi.com.au" failures="0" tests="5" name="com.SampleProject.scrp.LoginTest" time="14.402" errors="0" timestamp="2023-03-22T13:56:15 AEDT" skipped="0">
  <testcase classname="com.SampleProject.scrp.LoginTest" name="testBase" time="0.162"/>
  <system-out/>
  <testcase classname="com.SampleProject.scrp.LoginTest" name="verifyLoginInvalidUserInvalidPassword" time="5.981"/>
  <system-out/>
  <testcase classname="com.SampleProject.scrp.LoginTest" name="verifyLoginValidUserInvalidPassword" time="3.355"/>
  <system-out/>
  <testcase classname="com.SampleProject.scrp.LoginTest" name="verifyLoginInvalidUserValidPassword" time="2.489"/>
  <system-out/>
  <testcase classname="com.SampleProject.scrp.LoginTest" name="verifyLoginValidUserValidPassword" time="2.415"/>
  <system-out/>
</testsuite> <!-- com.SampleProject.scrp.LoginTest -->
