<?xml version="1.0" encoding="UTF-8"?>
<!-- Generated by org.testng.reporters.JUnitReportReporter -->
<testsuite hostname="192-168-1-108.tpgi.com.au" failures="0" tests="5" name="com.SampleProject.scrp.LoginTest" time="13.050" errors="0" timestamp="2023-03-19T12:14:16 AEDT" skipped="0">
  <testcase classname="com.SampleProject.scrp.LoginTest" name="testBase" time="0.270"/>
  <system-out/>
  <testcase classname="com.SampleProject.scrp.LoginTest" name="verifyLoginInvalidUserInvalidPassword" time="5.147"/>
  <system-out/>
  <testcase classname="com.SampleProject.scrp.LoginTest" name="verifyLoginValidUserInvalidPassword" time="2.866"/>
  <system-out/>
  <testcase classname="com.SampleProject.scrp.LoginTest" name="verifyLoginInvalidUserValidPassword" time="2.265"/>
  <system-out/>
  <testcase classname="com.SampleProject.scrp.LoginTest" name="verifyLoginValidUserValidPassword" time="2.502"/>
  <system-out/>
</testsuite> <!-- com.SampleProject.scrp.LoginTest -->
