<?xml version="1.0" encoding="UTF-8"?>
<!-- Generated by org.testng.reporters.JUnitReportReporter -->
<testsuite hostname="192-168-1-108.tpgi.com.au" failures="0" tests="7" name="com.SampleProject.scrp.FlightTest" time="3.713" errors="0" timestamp="2023-03-23T21:22:33 AEDT" skipped="3">
  <testcase classname="com.SampleProject.scrp.FlightTest" name="testBase" time="0.285"/>
  <system-out/>
  <testcase classname="com.SampleProject.scrp.FlightTest" name="verifyRoundTripStatus" time="1.692"/>
  <system-out/>
  <testcase classname="com.SampleProject.scrp.FlightTest" name="verifyPassengerCount" time="0.728"/>
  <system-out/>
  <testcase classname="com.SampleProject.scrp.FlightTest" name="verifyDeparturePlace" time="1.008"/>
  <system-out/>
  <testcase classname="com.SampleProject.scrp.FlightTest" name="verifyDepartureMonth">
    <skipped/>
  </testcase> <!-- verifyDepartureMonth -->
  <system-out/>
  <testcase classname="com.SampleProject.scrp.FlightTest" name="verifyBussinessClassButtonEnabled">
    <skipped/>
  </testcase> <!-- verifyBussinessClassButtonEnabled -->
  <system-out/>
  <testcase classname="com.SampleProject.scrp.FlightTest" name="verifyOnewayButtonEnabled">
    <skipped/>
  </testcase> <!-- verifyOnewayButtonEnabled -->
  <system-out/>
</testsuite> <!-- com.SampleProject.scrp.FlightTest -->
