<?xml version="1.0" encoding="UTF-8"?>
<!-- Generated by org.testng.reporters.JUnitReportReporter -->
<testsuite hostname="192-168-1-108.tpgi.com.au" failures="0" tests="1" name="com.SampleProject.Base.TestBase" time="0.692" errors="0" timestamp="2023-03-18T12:57:30 AEDT" skipped="0">
  <testcase classname="com.SampleProject.Base.TestBase" name="testBase" time="0.692"/>
  <system-out/>
</testsuite> <!-- com.SampleProject.Base.TestBase -->
